#
# There is insufficient memory for the Java Runtime Environment to continue.
# Native memory allocation (malloc) failed to allocate 345936 bytes for Chunk::new
# Possible reasons:
#   The system is out of physical RAM or swap space
#   The process is running with CompressedOops enabled, and the Java Heap may be blocking the growth of the native heap
# Possible solutions:
#   Reduce memory load on the system
#   Increase physical memory or swap space
#   Check if swap backing store is full
#   Decrease Java heap size (-Xmx/-Xms)
#   Decrease number of Java threads
#   Decrease Java thread stack sizes (-Xss)
#   Set larger code cache with -XX:ReservedCodeCacheSize=
#   JVM is running with Zero Based Compressed Oops mode in which the Java heap is
#     placed in the first 32GB address space. The Java Heap base address is the
#     maximum limit for the native heap growth. Please use -XX:HeapBaseMinAddress
#     to set the Java Heap base and to place the Java Heap above 32GB virtual address.
# This output file may be truncated or incomplete.
#
#  Out of Memory Error (arena.cpp:184), pid=4276, tid=15164
#
# JRE version: Java(TM) SE Runtime Environment (20.0.2+9) (build 20.0.2+9-78)
# Java VM: Java HotSpot(TM) 64-Bit Server VM (20.0.2+9-78, mixed mode, sharing, tiered, compressed oops, compressed class ptrs, g1 gc, windows-amd64)
# No core dump will be written. Minidumps are not enabled by default on client versions of Windows
#

---------------  S U M M A R Y ------------

Command Line: -Dclassworlds.conf=c:\DEV\TOOLS\MAVEN\apache-maven-3.9.4\bin\m2.conf -Dmaven.home=c:\DEV\TOOLS\MAVEN\apache-maven-3.9.4 -Dlibrary.jansi.path=c:\DEV\TOOLS\MAVEN\apache-maven-3.9.4\lib\jansi-native -Dmaven.multiModuleProjectDirectory=c:\Users\Charles Oliveira\OneDrive - Centro Universitário Facens\Área de Trabalho\Facens\Graduação\2023s2\DevOps e QA\Tarefa03\integracao-main org.codehaus.plexus.classworlds.launcher.Launcher -q help:effective-pom -Doutput=C:\Users\CHARLE~1\AppData\Local\Temp\exhort_tag3gU\effective-pom.xml -f C:\Users\CHARLE~1\AppData\Local\Temp\exhort_tag3gU\target-pom.xml

Host: Intel(R) Core(TM) i7-10750H CPU @ 2.60GHz, 12 cores, 15G,  Windows 11 , 64 bit Build 22621 (10.0.22621.2215)
Time: Thu Sep 21 14:56:36 2023 E. South America Standard Time elapsed time: 0.939158 seconds (0d 0h 0m 0s)

---------------  T H R E A D  ---------------

Current thread (0x00000269a0a4fb70):  JavaThread "C2 CompilerThread1" daemon [_thread_in_native, id=15164, stack(0x0000008e58200000,0x0000008e58300000)]


Current CompileTask:
C2:    939 1471       4       jdk.internal.jimage.BasicImageReader::verifyLocation (39 bytes)

Stack: [0x0000008e58200000,0x0000008e58300000]
Native frames: (J=compiled Java code, j=interpreted, Vv=VM code, C=native code)
V  [jvm.dll+0x6bc25a]
V  [jvm.dll+0x84971a]
V  [jvm.dll+0x84b315]
V  [jvm.dll+0x84ba13]
V  [jvm.dll+0x280e4f]
V  [jvm.dll+0xc2ab1]
V  [jvm.dll+0xc2dd5]
V  [jvm.dll+0x3bb612]
V  [jvm.dll+0x385b75]
V  [jvm.dll+0x384fea]
V  [jvm.dll+0x24b529]
V  [jvm.dll+0x24a921]
V  [jvm.dll+0x1ce761]
V  [jvm.dll+0x25a0eb]
V  [jvm.dll+0x2587c0]
V  [jvm.dll+0x3f2dd5]
V  [jvm.dll+0x7f5c76]
V  [jvm.dll+0x6baecb]
C  [ucrtbase.dll+0x29363]
C  [KERNEL32.DLL+0x1257d]
C  [ntdll.dll+0x5aa68]


---------------  P R O C E S S  ---------------

Threads class SMR info:
_java_thread_list=0x00000269a09283e0, length=13, elements={
0x000002693b69cab0, 0x000002695ad4d0b0, 0x000002695ad4e710, 0x000002695ad50c70,
0x000002695ad53690, 0x000002695ad5b180, 0x000002695ad5a190, 0x00000269a0403e40,
0x00000269a04043d0, 0x000002695ad5c170, 0x000002695ad5a6e0, 0x00000269a0a4fb70,
0x00000269a108cce0
}

Java Threads: ( => current thread )
  0x000002693b69cab0 JavaThread "main" [_thread_in_Java, id=33860, stack(0x0000008e57000000,0x0000008e57100000)]
  0x000002695ad4d0b0 JavaThread "Reference Handler" daemon [_thread_blocked, id=16588, stack(0x0000008e57700000,0x0000008e57800000)]
  0x000002695ad4e710 JavaThread "Finalizer" daemon [_thread_blocked, id=24032, stack(0x0000008e57800000,0x0000008e57900000)]
  0x000002695ad50c70 JavaThread "Signal Dispatcher" daemon [_thread_blocked, id=26156, stack(0x0000008e57900000,0x0000008e57a00000)]
  0x000002695ad53690 JavaThread "Attach Listener" daemon [_thread_blocked, id=19988, stack(0x0000008e57a00000,0x0000008e57b00000)]
  0x000002695ad5b180 JavaThread "Service Thread" daemon [_thread_blocked, id=6560, stack(0x0000008e57b00000,0x0000008e57c00000)]
  0x000002695ad5a190 JavaThread "Monitor Deflation Thread" daemon [_thread_blocked, id=18456, stack(0x0000008e57c00000,0x0000008e57d00000)]
  0x00000269a0403e40 JavaThread "C2 CompilerThread0" daemon [_thread_in_native, id=7596, stack(0x0000008e57d00000,0x0000008e57e00000)]
  0x00000269a04043d0 JavaThread "C1 CompilerThread0" daemon [_thread_blocked, id=13776, stack(0x0000008e57e00000,0x0000008e57f00000)]
  0x000002695ad5c170 JavaThread "Notification Thread" daemon [_thread_blocked, id=27060, stack(0x0000008e57f00000,0x0000008e58000000)]
  0x000002695ad5a6e0 JavaThread "Common-Cleaner" daemon [_thread_blocked, id=7096, stack(0x0000008e58100000,0x0000008e58200000)]
=>0x00000269a0a4fb70 JavaThread "C2 CompilerThread1" daemon [_thread_in_native, id=15164, stack(0x0000008e58200000,0x0000008e58300000)]
  0x00000269a108cce0 JavaThread "C2 CompilerThread2" daemon [_thread_blocked, id=20176, stack(0x0000008e58300000,0x0000008e58400000)]

Other Threads:
  0x000002695ad2fb40 VMThread "VM Thread" [stack: 0x0000008e57600000,0x0000008e57700000] [id=26104]
  0x00000269a053ee90 WatcherThread "VM Periodic Task Thread" [stack: 0x0000008e58000000,0x0000008e58100000] [id=15876]
  0x000002693b708be0 WorkerThread "GC Thread#0" [stack: 0x0000008e57100000,0x0000008e57200000] [id=32884]
  0x00000269a109de60 WorkerThread "GC Thread#1" [stack: 0x0000008e58400000,0x0000008e58500000] [id=26388]
  0x00000269a109e130 WorkerThread "GC Thread#2" [stack: 0x0000008e58500000,0x0000008e58600000] [id=8300]
  0x00000269a109ef40 WorkerThread "GC Thread#3" [stack: 0x0000008e58600000,0x0000008e58700000] [id=30216]
  0x00000269a109e400 WorkerThread "GC Thread#4" [stack: 0x0000008e58700000,0x0000008e58800000] [id=10024]
  0x00000269a109db90 WorkerThread "GC Thread#5" [stack: 0x0000008e58800000,0x0000008e58900000] [id=23840]
  0x00000269a109e6d0 WorkerThread "GC Thread#6" [stack: 0x0000008e58900000,0x0000008e58a00000] [id=33168]
  0x00000269a109d5f0 WorkerThread "GC Thread#7" [stack: 0x0000008e58a00000,0x0000008e58b00000] [id=28432]
  0x00000269a109d8c0 WorkerThread "GC Thread#8" [stack: 0x0000008e58b00000,0x0000008e58c00000] [id=34948]
  0x000002693b719a90 ConcurrentGCThread "G1 Main Marker" [stack: 0x0000008e57200000,0x0000008e57300000] [id=4832]
  0x000002693b71a4c0 WorkerThread "G1 Conc#0" [stack: 0x0000008e57300000,0x0000008e57400000] [id=5884]
  0x000002695abed190 ConcurrentGCThread "G1 Refine#0" [stack: 0x0000008e57400000,0x0000008e57500000] [id=27040]
  0x000002695abef850 ConcurrentGCThread "G1 Service" [stack: 0x0000008e57500000,0x0000008e57600000] [id=26496]

Threads with active compile tasks:
C2 CompilerThread0      993 1557   !   4       java.lang.String::<init> (893 bytes)
C1 CompilerThread0      993 1562       3       org.eclipse.sisu.space.asm.ClassReader::accept (1177 bytes)
C2 CompilerThread1      993 1471       4       jdk.internal.jimage.BasicImageReader::verifyLocation (39 bytes)

VM state: not at safepoint (normal execution)

VM Mutex/Monitor currently owned by a thread: None

Heap address: 0x0000000702000000, size: 4064 MB, Compressed Oops mode: Zero based, Oop shift amount: 3

CDS archive(s) mapped at: [0x000002695b400000-0x000002695c060000-0x000002695c060000), size 12976128, SharedBaseAddress: 0x000002695b400000, ArchiveRelocationMode: 1.
Compressed class space mapped at: 0x000002695c400000-0x000002699c400000, reserved size: 1073741824
Narrow klass base: 0x000002695b400000, Narrow klass shift: 0, Narrow klass range: 0x100000000

GC Precious Log:
 CardTable entry size: 512
 Card Set container configuration: InlinePtr #cards 4 size 8 Array Of Cards #cards 16 size 48 Howl #buckets 8 coarsen threshold 3686 Howl Bitmap #cards 512 size 80 coarsen threshold 460 Card regions per heap region 1 cards per card region 4096
 CPUs: 12 total, 12 available
 Memory: 16252M
 Large Page Support: Disabled
 NUMA Support: Disabled
 Compressed Oops: Enabled (Zero based)
 Heap Region Size: 2M
 Heap Min Capacity: 8M
 Heap Initial Capacity: 254M
 Heap Max Capacity: 4064M
 Pre-touch: Disabled
 Parallel Workers: 10
 Concurrent Workers: 3
 Concurrent Refinement Workers: 10
 Periodic GC: Disabled

Heap:
 garbage-first heap   total 260096K, used 18445K [0x0000000702000000, 0x0000000800000000)
  region size 2048K, 10 young (20480K), 2 survivors (4096K)
 Metaspace       used 7248K, committed 7424K, reserved 1114112K
  class space    used 836K, committed 960K, reserved 1048576K

Heap Regions: E=young(eden), S=young(survivor), O=old, HS=humongous(starts), HC=humongous(continues), CS=collection set, F=free, OA=open archive, CA=closed archive, TAMS=top-at-mark-start, PB=parsable bottom
|   0|0x0000000702000000, 0x0000000702003600, 0x0000000702200000|  0%| O|  |TAMS 0x0000000702000000| PB 0x0000000702000000| Untracked 
|   1|0x0000000702200000, 0x0000000702200000, 0x0000000702400000|  0%| F|  |TAMS 0x0000000702200000| PB 0x0000000702200000| Untracked 
|   2|0x0000000702400000, 0x0000000702400000, 0x0000000702600000|  0%| F|  |TAMS 0x0000000702400000| PB 0x0000000702400000| Untracked 
|   3|0x0000000702600000, 0x0000000702600000, 0x0000000702800000|  0%| F|  |TAMS 0x0000000702600000| PB 0x0000000702600000| Untracked 
|   4|0x0000000702800000, 0x0000000702800000, 0x0000000702a00000|  0%| F|  |TAMS 0x0000000702800000| PB 0x0000000702800000| Untracked 
|   5|0x0000000702a00000, 0x0000000702a00000, 0x0000000702c00000|  0%| F|  |TAMS 0x0000000702a00000| PB 0x0000000702a00000| Untracked 
|   6|0x0000000702c00000, 0x0000000702c00000, 0x0000000702e00000|  0%| F|  |TAMS 0x0000000702c00000| PB 0x0000000702c00000| Untracked 
|   7|0x0000000702e00000, 0x0000000702e00000, 0x0000000703000000|  0%| F|  |TAMS 0x0000000702e00000| PB 0x0000000702e00000| Untracked 
|   8|0x0000000703000000, 0x0000000703000000, 0x0000000703200000|  0%| F|  |TAMS 0x0000000703000000| PB 0x0000000703000000| Untracked 
|   9|0x0000000703200000, 0x0000000703200000, 0x0000000703400000|  0%| F|  |TAMS 0x0000000703200000| PB 0x0000000703200000| Untracked 
|  10|0x0000000703400000, 0x0000000703400000, 0x0000000703600000|  0%| F|  |TAMS 0x0000000703400000| PB 0x0000000703400000| Untracked 
|  11|0x0000000703600000, 0x0000000703600000, 0x0000000703800000|  0%| F|  |TAMS 0x0000000703600000| PB 0x0000000703600000| Untracked 
|  12|0x0000000703800000, 0x0000000703800000, 0x0000000703a00000|  0%| F|  |TAMS 0x0000000703800000| PB 0x0000000703800000| Untracked 
|  13|0x0000000703a00000, 0x0000000703a00000, 0x0000000703c00000|  0%| F|  |TAMS 0x0000000703a00000| PB 0x0000000703a00000| Untracked 
|  14|0x0000000703c00000, 0x0000000703c00000, 0x0000000703e00000|  0%| F|  |TAMS 0x0000000703c00000| PB 0x0000000703c00000| Untracked 
|  15|0x0000000703e00000, 0x0000000703e00000, 0x0000000704000000|  0%| F|  |TAMS 0x0000000703e00000| PB 0x0000000703e00000| Untracked 
|  16|0x0000000704000000, 0x0000000704000000, 0x0000000704200000|  0%| F|  |TAMS 0x0000000704000000| PB 0x0000000704000000| Untracked 
|  17|0x0000000704200000, 0x0000000704200000, 0x0000000704400000|  0%| F|  |TAMS 0x0000000704200000| PB 0x0000000704200000| Untracked 
|  18|0x0000000704400000, 0x0000000704400000, 0x0000000704600000|  0%| F|  |TAMS 0x0000000704400000| PB 0x0000000704400000| Untracked 
|  19|0x0000000704600000, 0x0000000704600000, 0x0000000704800000|  0%| F|  |TAMS 0x0000000704600000| PB 0x0000000704600000| Untracked 
|  20|0x0000000704800000, 0x0000000704800000, 0x0000000704a00000|  0%| F|  |TAMS 0x0000000704800000| PB 0x0000000704800000| Untracked 
|  21|0x0000000704a00000, 0x0000000704a00000, 0x0000000704c00000|  0%| F|  |TAMS 0x0000000704a00000| PB 0x0000000704a00000| Untracked 
|  22|0x0000000704c00000, 0x0000000704c00000, 0x0000000704e00000|  0%| F|  |TAMS 0x0000000704c00000| PB 0x0000000704c00000| Untracked 
|  23|0x0000000704e00000, 0x0000000704e00000, 0x0000000705000000|  0%| F|  |TAMS 0x0000000704e00000| PB 0x0000000704e00000| Untracked 
|  24|0x0000000705000000, 0x0000000705000000, 0x0000000705200000|  0%| F|  |TAMS 0x0000000705000000| PB 0x0000000705000000| Untracked 
|  25|0x0000000705200000, 0x0000000705200000, 0x0000000705400000|  0%| F|  |TAMS 0x0000000705200000| PB 0x0000000705200000| Untracked 
|  26|0x0000000705400000, 0x0000000705400000, 0x0000000705600000|  0%| F|  |TAMS 0x0000000705400000| PB 0x0000000705400000| Untracked 
|  27|0x0000000705600000, 0x0000000705600000, 0x0000000705800000|  0%| F|  |TAMS 0x0000000705600000| PB 0x0000000705600000| Untracked 
|  28|0x0000000705800000, 0x0000000705800000, 0x0000000705a00000|  0%| F|  |TAMS 0x0000000705800000| PB 0x0000000705800000| Untracked 
|  29|0x0000000705a00000, 0x0000000705a00000, 0x0000000705c00000|  0%| F|  |TAMS 0x0000000705a00000| PB 0x0000000705a00000| Untracked 
|  30|0x0000000705c00000, 0x0000000705c00000, 0x0000000705e00000|  0%| F|  |TAMS 0x0000000705c00000| PB 0x0000000705c00000| Untracked 
|  31|0x0000000705e00000, 0x0000000705e00000, 0x0000000706000000|  0%| F|  |TAMS 0x0000000705e00000| PB 0x0000000705e00000| Untracked 
|  32|0x0000000706000000, 0x0000000706000000, 0x0000000706200000|  0%| F|  |TAMS 0x0000000706000000| PB 0x0000000706000000| Untracked 
|  33|0x0000000706200000, 0x0000000706200000, 0x0000000706400000|  0%| F|  |TAMS 0x0000000706200000| PB 0x0000000706200000| Untracked 
|  34|0x0000000706400000, 0x0000000706400000, 0x0000000706600000|  0%| F|  |TAMS 0x0000000706400000| PB 0x0000000706400000| Untracked 
|  35|0x0000000706600000, 0x0000000706600000, 0x0000000706800000|  0%| F|  |TAMS 0x0000000706600000| PB 0x0000000706600000| Untracked 
|  36|0x0000000706800000, 0x0000000706800000, 0x0000000706a00000|  0%| F|  |TAMS 0x0000000706800000| PB 0x0000000706800000| Untracked 
|  37|0x0000000706a00000, 0x0000000706a00000, 0x0000000706c00000|  0%| F|  |TAMS 0x0000000706a00000| PB 0x0000000706a00000| Untracked 
|  38|0x0000000706c00000, 0x0000000706c00000, 0x0000000706e00000|  0%| F|  |TAMS 0x0000000706c00000| PB 0x0000000706c00000| Untracked 
|  39|0x0000000706e00000, 0x0000000706e00000, 0x0000000707000000|  0%| F|  |TAMS 0x0000000706e00000| PB 0x0000000706e00000| Untracked 
|  40|0x0000000707000000, 0x0000000707000000, 0x0000000707200000|  0%| F|  |TAMS 0x0000000707000000| PB 0x0000000707000000| Untracked 
|  41|0x0000000707200000, 0x0000000707200000, 0x0000000707400000|  0%| F|  |TAMS 0x0000000707200000| PB 0x0000000707200000| Untracked 
|  42|0x0000000707400000, 0x0000000707400000, 0x0000000707600000|  0%| F|  |TAMS 0x0000000707400000| PB 0x0000000707400000| Untracked 
|  43|0x0000000707600000, 0x0000000707600000, 0x0000000707800000|  0%| F|  |TAMS 0x0000000707600000| PB 0x0000000707600000| Untracked 
|  44|0x0000000707800000, 0x0000000707800000, 0x0000000707a00000|  0%| F|  |TAMS 0x0000000707800000| PB 0x0000000707800000| Untracked 
|  45|0x0000000707a00000, 0x0000000707a00000, 0x0000000707c00000|  0%| F|  |TAMS 0x0000000707a00000| PB 0x0000000707a00000| Untracked 
|  46|0x0000000707c00000, 0x0000000707c00000, 0x0000000707e00000|  0%| F|  |TAMS 0x0000000707c00000| PB 0x0000000707c00000| Untracked 
|  47|0x0000000707e00000, 0x0000000707e00000, 0x0000000708000000|  0%| F|  |TAMS 0x0000000707e00000| PB 0x0000000707e00000| Untracked 
|  48|0x0000000708000000, 0x0000000708000000, 0x0000000708200000|  0%| F|  |TAMS 0x0000000708000000| PB 0x0000000708000000| Untracked 
|  49|0x0000000708200000, 0x0000000708200000, 0x0000000708400000|  0%| F|  |TAMS 0x0000000708200000| PB 0x0000000708200000| Untracked 
|  50|0x0000000708400000, 0x0000000708400000, 0x0000000708600000|  0%| F|  |TAMS 0x0000000708400000| PB 0x0000000708400000| Untracked 
|  51|0x0000000708600000, 0x0000000708600000, 0x0000000708800000|  0%| F|  |TAMS 0x0000000708600000| PB 0x0000000708600000| Untracked 
|  52|0x0000000708800000, 0x0000000708800000, 0x0000000708a00000|  0%| F|  |TAMS 0x0000000708800000| PB 0x0000000708800000| Untracked 
|  53|0x0000000708a00000, 0x0000000708a00000, 0x0000000708c00000|  0%| F|  |TAMS 0x0000000708a00000| PB 0x0000000708a00000| Untracked 
|  54|0x0000000708c00000, 0x0000000708c00000, 0x0000000708e00000|  0%| F|  |TAMS 0x0000000708c00000| PB 0x0000000708c00000| Untracked 
|  55|0x0000000708e00000, 0x0000000708e00000, 0x0000000709000000|  0%| F|  |TAMS 0x0000000708e00000| PB 0x0000000708e00000| Untracked 
|  56|0x0000000709000000, 0x0000000709000000, 0x0000000709200000|  0%| F|  |TAMS 0x0000000709000000| PB 0x0000000709000000| Untracked 
|  57|0x0000000709200000, 0x0000000709200000, 0x0000000709400000|  0%| F|  |TAMS 0x0000000709200000| PB 0x0000000709200000| Untracked 
|  58|0x0000000709400000, 0x0000000709400000, 0x0000000709600000|  0%| F|  |TAMS 0x0000000709400000| PB 0x0000000709400000| Untracked 
|  59|0x0000000709600000, 0x0000000709600000, 0x0000000709800000|  0%| F|  |TAMS 0x0000000709600000| PB 0x0000000709600000| Untracked 
|  60|0x0000000709800000, 0x0000000709800000, 0x0000000709a00000|  0%| F|  |TAMS 0x0000000709800000| PB 0x0000000709800000| Untracked 
|  61|0x0000000709a00000, 0x0000000709a00000, 0x0000000709c00000|  0%| F|  |TAMS 0x0000000709a00000| PB 0x0000000709a00000| Untracked 
|  62|0x0000000709c00000, 0x0000000709c00000, 0x0000000709e00000|  0%| F|  |TAMS 0x0000000709c00000| PB 0x0000000709c00000| Untracked 
|  63|0x0000000709e00000, 0x0000000709e00000, 0x000000070a000000|  0%| F|  |TAMS 0x0000000709e00000| PB 0x0000000709e00000| Untracked 
|  64|0x000000070a000000, 0x000000070a000000, 0x000000070a200000|  0%| F|  |TAMS 0x000000070a000000| PB 0x000000070a000000| Untracked 
|  65|0x000000070a200000, 0x000000070a200000, 0x000000070a400000|  0%| F|  |TAMS 0x000000070a200000| PB 0x000000070a200000| Untracked 
|  66|0x000000070a400000, 0x000000070a400000, 0x000000070a600000|  0%| F|  |TAMS 0x000000070a400000| PB 0x000000070a400000| Untracked 
|  67|0x000000070a600000, 0x000000070a600000, 0x000000070a800000|  0%| F|  |TAMS 0x000000070a600000| PB 0x000000070a600000| Untracked 
|  68|0x000000070a800000, 0x000000070a800000, 0x000000070aa00000|  0%| F|  |TAMS 0x000000070a800000| PB 0x000000070a800000| Untracked 
|  69|0x000000070aa00000, 0x000000070aa00000, 0x000000070ac00000|  0%| F|  |TAMS 0x000000070aa00000| PB 0x000000070aa00000| Untracked 
|  70|0x000000070ac00000, 0x000000070ac00000, 0x000000070ae00000|  0%| F|  |TAMS 0x000000070ac00000| PB 0x000000070ac00000| Untracked 
|  71|0x000000070ae00000, 0x000000070ae00000, 0x000000070b000000|  0%| F|  |TAMS 0x000000070ae00000| PB 0x000000070ae00000| Untracked 
|  72|0x000000070b000000, 0x000000070b000000, 0x000000070b200000|  0%| F|  |TAMS 0x000000070b000000| PB 0x000000070b000000| Untracked 
|  73|0x000000070b200000, 0x000000070b200000, 0x000000070b400000|  0%| F|  |TAMS 0x000000070b200000| PB 0x000000070b200000| Untracked 
|  74|0x000000070b400000, 0x000000070b400000, 0x000000070b600000|  0%| F|  |TAMS 0x000000070b400000| PB 0x000000070b400000| Untracked 
|  75|0x000000070b600000, 0x000000070b600000, 0x000000070b800000|  0%| F|  |TAMS 0x000000070b600000| PB 0x000000070b600000| Untracked 
|  76|0x000000070b800000, 0x000000070b800000, 0x000000070ba00000|  0%| F|  |TAMS 0x000000070b800000| PB 0x000000070b800000| Untracked 
|  77|0x000000070ba00000, 0x000000070ba00000, 0x000000070bc00000|  0%| F|  |TAMS 0x000000070ba00000| PB 0x000000070ba00000| Untracked 
|  78|0x000000070bc00000, 0x000000070bc00000, 0x000000070be00000|  0%| F|  |TAMS 0x000000070bc00000| PB 0x000000070bc00000| Untracked 
|  79|0x000000070be00000, 0x000000070be00000, 0x000000070c000000|  0%| F|  |TAMS 0x000000070be00000| PB 0x000000070be00000| Untracked 
|  80|0x000000070c000000, 0x000000070c000000, 0x000000070c200000|  0%| F|  |TAMS 0x000000070c000000| PB 0x000000070c000000| Untracked 
|  81|0x000000070c200000, 0x000000070c200000, 0x000000070c400000|  0%| F|  |TAMS 0x000000070c200000| PB 0x000000070c200000| Untracked 
|  82|0x000000070c400000, 0x000000070c400000, 0x000000070c600000|  0%| F|  |TAMS 0x000000070c400000| PB 0x000000070c400000| Untracked 
|  83|0x000000070c600000, 0x000000070c600000, 0x000000070c800000|  0%| F|  |TAMS 0x000000070c600000| PB 0x000000070c600000| Untracked 
|  84|0x000000070c800000, 0x000000070c800000, 0x000000070ca00000|  0%| F|  |TAMS 0x000000070c800000| PB 0x000000070c800000| Untracked 
|  85|0x000000070ca00000, 0x000000070ca00000, 0x000000070cc00000|  0%| F|  |TAMS 0x000000070ca00000| PB 0x000000070ca00000| Untracked 
|  86|0x000000070cc00000, 0x000000070cc00000, 0x000000070ce00000|  0%| F|  |TAMS 0x000000070cc00000| PB 0x000000070cc00000| Untracked 
|  87|0x000000070ce00000, 0x000000070ce00000, 0x000000070d000000|  0%| F|  |TAMS 0x000000070ce00000| PB 0x000000070ce00000| Untracked 
|  88|0x000000070d000000, 0x000000070d000000, 0x000000070d200000|  0%| F|  |TAMS 0x000000070d000000| PB 0x000000070d000000| Untracked 
|  89|0x000000070d200000, 0x000000070d200000, 0x000000070d400000|  0%| F|  |TAMS 0x000000070d200000| PB 0x000000070d200000| Untracked 
|  90|0x000000070d400000, 0x000000070d400000, 0x000000070d600000|  0%| F|  |TAMS 0x000000070d400000| PB 0x000000070d400000| Untracked 
|  91|0x000000070d600000, 0x000000070d600000, 0x000000070d800000|  0%| F|  |TAMS 0x000000070d600000| PB 0x000000070d600000| Untracked 
|  92|0x000000070d800000, 0x000000070d800000, 0x000000070da00000|  0%| F|  |TAMS 0x000000070d800000| PB 0x000000070d800000| Untracked 
|  93|0x000000070da00000, 0x000000070da00000, 0x000000070dc00000|  0%| F|  |TAMS 0x000000070da00000| PB 0x000000070da00000| Untracked 
|  94|0x000000070dc00000, 0x000000070dc00000, 0x000000070de00000|  0%| F|  |TAMS 0x000000070dc00000| PB 0x000000070dc00000| Untracked 
|  95|0x000000070de00000, 0x000000070de00000, 0x000000070e000000|  0%| F|  |TAMS 0x000000070de00000| PB 0x000000070de00000| Untracked 
|  96|0x000000070e000000, 0x000000070e000000, 0x000000070e200000|  0%| F|  |TAMS 0x000000070e000000| PB 0x000000070e000000| Untracked 
|  97|0x000000070e200000, 0x000000070e200000, 0x000000070e400000|  0%| F|  |TAMS 0x000000070e200000| PB 0x000000070e200000| Untracked 
|  98|0x000000070e400000, 0x000000070e400000, 0x000000070e600000|  0%| F|  |TAMS 0x000000070e400000| PB 0x000000070e400000| Untracked 
|  99|0x000000070e600000, 0x000000070e600000, 0x000000070e800000|  0%| F|  |TAMS 0x000000070e600000| PB 0x000000070e600000| Untracked 
| 100|0x000000070e800000, 0x000000070e800000, 0x000000070ea00000|  0%| F|  |TAMS 0x000000070e800000| PB 0x000000070e800000| Untracked 
| 101|0x000000070ea00000, 0x000000070ea00000, 0x000000070ec00000|  0%| F|  |TAMS 0x000000070ea00000| PB 0x000000070ea00000| Untracked 
| 102|0x000000070ec00000, 0x000000070ec00000, 0x000000070ee00000|  0%| F|  |TAMS 0x000000070ec00000| PB 0x000000070ec00000| Untracked 
| 103|0x000000070ee00000, 0x000000070ee00000, 0x000000070f000000|  0%| F|  |TAMS 0x000000070ee00000| PB 0x000000070ee00000| Untracked 
| 104|0x000000070f000000, 0x000000070f000000, 0x000000070f200000|  0%| F|  |TAMS 0x000000070f000000| PB 0x000000070f000000| Untracked 
| 105|0x000000070f200000, 0x000000070f200000, 0x000000070f400000|  0%| F|  |TAMS 0x000000070f200000| PB 0x000000070f200000| Untracked 
| 106|0x000000070f400000, 0x000000070f400000, 0x000000070f600000|  0%| F|  |TAMS 0x000000070f400000| PB 0x000000070f400000| Untracked 
| 107|0x000000070f600000, 0x000000070f600000, 0x000000070f800000|  0%| F|  |TAMS 0x000000070f600000| PB 0x000000070f600000| Untracked 
| 108|0x000000070f800000, 0x000000070f800000, 0x000000070fa00000|  0%| F|  |TAMS 0x000000070f800000| PB 0x000000070f800000| Untracked 
| 109|0x000000070fa00000, 0x000000070fa00000, 0x000000070fc00000|  0%| F|  |TAMS 0x000000070fa00000| PB 0x000000070fa00000| Untracked 
| 110|0x000000070fc00000, 0x000000070fc00000, 0x000000070fe00000|  0%| F|  |TAMS 0x000000070fc00000| PB 0x000000070fc00000| Untracked 
| 111|0x000000070fe00000, 0x000000070fe00000, 0x0000000710000000|  0%| F|  |TAMS 0x000000070fe00000| PB 0x000000070fe00000| Untracked 
| 112|0x0000000710000000, 0x0000000710000000, 0x0000000710200000|  0%| F|  |TAMS 0x0000000710000000| PB 0x0000000710000000| Untracked 
| 113|0x0000000710200000, 0x0000000710200000, 0x0000000710400000|  0%| F|  |TAMS 0x0000000710200000| PB 0x0000000710200000| Untracked 
| 114|0x0000000710400000, 0x0000000710600000, 0x0000000710600000|100%| S|CS|TAMS 0x0000000710400000| PB 0x0000000710400000| Complete 
| 115|0x0000000710600000, 0x0000000710800000, 0x0000000710800000|100%| S|CS|TAMS 0x0000000710600000| PB 0x0000000710600000| Complete 
| 116|0x0000000710800000, 0x0000000710800000, 0x0000000710a00000|  0%| F|  |TAMS 0x0000000710800000| PB 0x0000000710800000| Untracked 
| 117|0x0000000710a00000, 0x0000000710a00000, 0x0000000710c00000|  0%| F|  |TAMS 0x0000000710a00000| PB 0x0000000710a00000| Untracked 
| 118|0x0000000710c00000, 0x0000000710c593b0, 0x0000000710e00000| 17%| E|  |TAMS 0x0000000710c00000| PB 0x0000000710c00000| Complete 
| 119|0x0000000710e00000, 0x0000000711000000, 0x0000000711000000|100%| E|CS|TAMS 0x0000000710e00000| PB 0x0000000710e00000| Complete 
| 120|0x0000000711000000, 0x0000000711200000, 0x0000000711200000|100%| E|CS|TAMS 0x0000000711000000| PB 0x0000000711000000| Complete 
| 121|0x0000000711200000, 0x0000000711400000, 0x0000000711400000|100%| E|CS|TAMS 0x0000000711200000| PB 0x0000000711200000| Complete 
| 122|0x0000000711400000, 0x0000000711600000, 0x0000000711600000|100%| E|CS|TAMS 0x0000000711400000| PB 0x0000000711400000| Complete 
| 123|0x0000000711600000, 0x0000000711800000, 0x0000000711800000|100%| E|CS|TAMS 0x0000000711600000| PB 0x0000000711600000| Complete 
| 124|0x0000000711800000, 0x0000000711a00000, 0x0000000711a00000|100%| E|CS|TAMS 0x0000000711800000| PB 0x0000000711800000| Complete 
| 125|0x0000000711a00000, 0x0000000711c00000, 0x0000000711c00000|100%| E|CS|TAMS 0x0000000711a00000| PB 0x0000000711a00000| Complete 
| 126|0x0000000711c00000, 0x0000000711e00000, 0x0000000711e00000|100%| E|CS|TAMS 0x0000000711c00000| PB 0x0000000711c00000| Complete 

Card table byte_map: [0x00000269534a0000,0x0000026953c90000] _byte_map_base: 0x000002694fc90000

Marking Bits: (CMBitMap*) 0x000002693b709210
 Bits: [0x0000026954480000, 0x0000026958400000)

Polling page: 0x00000269395d0000

Metaspace:

Usage:
  Non-class:      6.31 MB used.
      Class:    845.93 KB used.
       Both:      7.14 MB used.

Virtual space:
  Non-class space:       64.00 MB reserved,       6.44 MB ( 10%) committed,  1 nodes.
      Class space:        1.00 GB reserved,     960.00 KB ( <1%) committed,  1 nodes.
             Both:        1.06 GB reserved,       7.38 MB ( <1%) committed. 

Chunk freelists:
   Non-Class:  3.98 MB
       Class:  3.11 MB
        Both:  7.09 MB

MaxMetaspaceSize: unlimited
CompressedClassSpaceSize: 1.00 GB
Initial GC threshold: 21.00 MB
Current GC threshold: 21.00 MB
CDS: on
MetaspaceReclaimPolicy: balanced
 - commit_granule_bytes: 65536.
 - commit_granule_words: 8192.
 - virtual_space_node_default_size: 8388608.
 - enlarge_chunks_in_place: 1.
 - new_chunks_are_fully_committed: 0.
 - uncommit_free_chunks: 1.
 - use_allocation_guard: 0.


Internal statistics:

num_allocs_failed_limit: 0.
num_arena_births: 56.
num_arena_deaths: 0.
num_vsnodes_births: 2.
num_vsnodes_deaths: 0.
num_space_committed: 118.
num_space_uncommitted: 0.
num_chunks_returned_to_freelist: 0.
num_chunks_taken_from_freelist: 269.
num_chunk_merges: 0.
num_chunk_splits: 186.
num_chunks_enlarged: 155.
num_inconsistent_stats: 0.

CodeHeap 'non-profiled nmethods': size=120000Kb used=624Kb max_used=624Kb free=119375Kb
 bounds [0x000002694b220000, 0x000002694b490000, 0x0000026952750000]
CodeHeap 'profiled nmethods': size=120000Kb used=3020Kb max_used=3020Kb free=116980Kb
 bounds [0x0000026943750000, 0x0000026943a50000, 0x000002694ac80000]
CodeHeap 'non-nmethods': size=5760Kb used=1411Kb max_used=1462Kb free=4348Kb
 bounds [0x000002694ac80000, 0x000002694aef0000, 0x000002694b220000]
 total_blobs=2028 nmethods=1573 adapters=366
 compilation: enabled
              stopped_count=0, restarted_count=0
 full_count=0

Compilation events (20 events):
Event: 0.917 Thread 0x00000269a04043d0 1486       3       java.lang.System$2::getAnnotationType (5 bytes)
Event: 0.917 Thread 0x00000269a04043d0 nmethod 1486 0x0000026943a02910 code [0x0000026943a02aa0, 0x0000026943a02bd0]
Event: 0.919 Thread 0x00000269a04043d0 1487       3       java.net.URL::openConnection (9 bytes)
Event: 0.919 Thread 0x00000269a04043d0 nmethod 1487 0x0000026943a02c90 code [0x0000026943a02e20, 0x0000026943a03000]
Event: 0.919 Thread 0x00000269a04043d0 1488       3       java.net.URLConnection::<init> (62 bytes)
Event: 0.919 Thread 0x00000269a04043d0 nmethod 1488 0x0000026943a03110 code [0x0000026943a032e0, 0x0000026943a037e0]
Event: 0.919 Thread 0x00000269a04043d0 1489       3       java.net.URLConnection::getDefaultUseCaches (27 bytes)
Event: 0.919 Thread 0x00000269a04043d0 nmethod 1489 0x0000026943a03990 code [0x0000026943a03b40, 0x0000026943a03e30]
Event: 0.920 Thread 0x00000269a04043d0 1490       3       sun.reflect.generics.parser.SignatureParser::parseFieldTypeSignature (6 bytes)
Event: 0.920 Thread 0x00000269a04043d0 nmethod 1490 0x0000026943a03f10 code [0x0000026943a040a0, 0x0000026943a041e0]
Event: 0.920 Thread 0x00000269a04043d0 1492       3       java.lang.Class::getDeclaredMethods (27 bytes)
Event: 0.920 Thread 0x00000269a04043d0 nmethod 1492 0x0000026943a04290 code [0x0000026943a04440, 0x0000026943a04698]
Event: 0.920 Thread 0x00000269a04043d0 1491       3       sun.reflect.generics.parser.SignatureParser::parseFieldTypeSignature (73 bytes)
Event: 0.921 Thread 0x00000269a04043d0 nmethod 1491 0x0000026943a04790 code [0x0000026943a049c0, 0x0000026943a04e80]
Event: 0.922 Thread 0x00000269a0403e40 1493       4       java.lang.CharacterDataLatin1::isWhitespace (23 bytes)
Event: 0.924 Thread 0x00000269a04043d0 1494       3       org.eclipse.sisu.space.asm.ClassReader::readField (664 bytes)
Event: 0.926 Thread 0x00000269a0403e40 nmethod 1493 0x000002694b2b1a10 code [0x000002694b2b1b80, 0x000002694b2b1c50]
Event: 0.927 Thread 0x00000269a04043d0 nmethod 1494 0x0000026943a05090 code [0x0000026943a05480, 0x0000026943a06e30]
Event: 0.928 Thread 0x00000269a04043d0 1495       3       org.eclipse.sisu.space.asm.ClassVisitor::visitField (24 bytes)
Event: 0.928 Thread 0x00000269a04043d0 nmethod 1495 0x0000026943a07990 code [0x0000026943a07b40, 0x0000026943a07ee0]

GC Heap History (2 events):
Event: 0.694 GC heap before
{Heap before GC invocations=0 (full 0):
 garbage-first heap   total 260096K, used 22528K [0x0000000702000000, 0x0000000800000000)
  region size 2048K, 11 young (22528K), 0 survivors (0K)
 Metaspace       used 5630K, committed 5824K, reserved 1114112K
  class space    used 647K, committed 768K, reserved 1048576K
}
Event: 0.698 GC heap after
{Heap after GC invocations=1 (full 0):
 garbage-first heap   total 260096K, used 4109K [0x0000000702000000, 0x0000000800000000)
  region size 2048K, 2 young (4096K), 2 survivors (4096K)
 Metaspace       used 5630K, committed 5824K, reserved 1114112K
  class space    used 647K, committed 768K, reserved 1048576K
}

Dll operation events (8 events):
Event: 0.019 Loaded shared library C:\DEV\TOOLS\JAVA\jdk-20.0.2\bin\java.dll
Event: 0.038 Loaded shared library C:\DEV\TOOLS\JAVA\jdk-20.0.2\bin\jsvml.dll
Event: 0.077 Loaded shared library C:\DEV\TOOLS\JAVA\jdk-20.0.2\bin\net.dll
Event: 0.083 Loaded shared library C:\DEV\TOOLS\JAVA\jdk-20.0.2\bin\nio.dll
Event: 0.090 Loaded shared library C:\DEV\TOOLS\JAVA\jdk-20.0.2\bin\zip.dll
Event: 0.191 Loaded shared library C:\DEV\TOOLS\JAVA\jdk-20.0.2\bin\jimage.dll
Event: 0.201 Loaded shared library C:\DEV\TOOLS\MAVEN\apache-maven-3.9.4\lib\jansi-native\Windows\x86_64\jansi.dll
Event: 0.216 Loaded shared library C:\DEV\TOOLS\JAVA\jdk-20.0.2\bin\verify.dll

Deoptimization events (20 events):
Event: 0.731 Thread 0x000002693b69cab0 Uncommon trap: trap_request=0xffffffde fr.pc=0x000002694b25018c relative=0x00000000000006ac
Event: 0.731 Thread 0x000002693b69cab0 Uncommon trap: reason=class_check action=maybe_recompile pc=0x000002694b25018c method=java.util.regex.Matcher.search(I)Z @ 121 c2
Event: 0.731 Thread 0x000002693b69cab0 DEOPT PACKING pc=0x000002694b25018c sp=0x0000008e570fe420
Event: 0.731 Thread 0x000002693b69cab0 DEOPT UNPACKING pc=0x000002694ace9d22 sp=0x0000008e570fe3f0 mode 2
Event: 0.732 Thread 0x000002693b69cab0 Uncommon trap: trap_request=0xffffffde fr.pc=0x000002694b25018c relative=0x00000000000006ac
Event: 0.732 Thread 0x000002693b69cab0 Uncommon trap: reason=class_check action=maybe_recompile pc=0x000002694b25018c method=java.util.regex.Matcher.search(I)Z @ 121 c2
Event: 0.732 Thread 0x000002693b69cab0 DEOPT PACKING pc=0x000002694b25018c sp=0x0000008e570fe420
Event: 0.732 Thread 0x000002693b69cab0 DEOPT UNPACKING pc=0x000002694ace9d22 sp=0x0000008e570fe3f0 mode 2
Event: 0.767 Thread 0x000002693b69cab0 Uncommon trap: trap_request=0xffffff45 fr.pc=0x000002694b27dc78 relative=0x0000000000001bb8
Event: 0.767 Thread 0x000002693b69cab0 Uncommon trap: reason=unstable_if action=reinterpret pc=0x000002694b27dc78 method=java.nio.charset.CharsetDecoder.decode(Ljava/nio/ByteBuffer;Ljava/nio/CharBuffer;Z)Ljava/nio/charset/CoderResult; @ 15 c2
Event: 0.767 Thread 0x000002693b69cab0 DEOPT PACKING pc=0x000002694b27dc78 sp=0x0000008e570fe450
Event: 0.767 Thread 0x000002693b69cab0 DEOPT UNPACKING pc=0x000002694ace9d22 sp=0x0000008e570fe230 mode 2
Event: 0.860 Thread 0x000002693b69cab0 Uncommon trap: trap_request=0xffffff45 fr.pc=0x000002694b2a4acc relative=0x00000000000006ac
Event: 0.860 Thread 0x000002693b69cab0 Uncommon trap: reason=unstable_if action=reinterpret pc=0x000002694b2a4acc method=java.lang.String.<init>([CIILjava/lang/Void;)V @ 5 c2
Event: 0.860 Thread 0x000002693b69cab0 DEOPT PACKING pc=0x000002694b2a4acc sp=0x0000008e570fe3a0
Event: 0.860 Thread 0x000002693b69cab0 DEOPT UNPACKING pc=0x000002694ace9d22 sp=0x0000008e570fe238 mode 2
Event: 0.868 Thread 0x000002693b69cab0 DEOPT PACKING pc=0x0000026943969703 sp=0x0000008e570fe4e0
Event: 0.868 Thread 0x000002693b69cab0 DEOPT UNPACKING pc=0x000002694acea4c2 sp=0x0000008e570fd950 mode 0
Event: 0.905 Thread 0x000002693b69cab0 DEOPT PACKING pc=0x00000269439ecb24 sp=0x0000008e570fe4e0
Event: 0.905 Thread 0x000002693b69cab0 DEOPT UNPACKING pc=0x000002694acea4c2 sp=0x0000008e570fd950 mode 0

Classes loaded (20 events):
Event: 0.617 Loading class sun/reflect/generics/tree/TypeVariableSignature
Event: 0.617 Loading class sun/reflect/generics/tree/TypeVariableSignature done
Event: 0.631 Loading class java/lang/annotation/IncompleteAnnotationException
Event: 0.631 Loading class java/lang/annotation/IncompleteAnnotationException done
Event: 0.673 Loading class java/lang/foreign/MemorySegment
Event: 0.674 Loading class java/lang/foreign/MemorySegment done
Event: 0.733 Loading class sun/reflect/generics/reflectiveObjects/TypeVariableImpl
Event: 0.733 Loading class sun/reflect/generics/reflectiveObjects/LazyReflectiveObjectGenerator
Event: 0.734 Loading class sun/reflect/generics/reflectiveObjects/LazyReflectiveObjectGenerator done
Event: 0.734 Loading class sun/reflect/generics/reflectiveObjects/TypeVariableImpl done
Event: 0.734 Loading class sun/reflect/generics/reflectiveObjects/ParameterizedTypeImpl
Event: 0.734 Loading class sun/reflect/generics/reflectiveObjects/ParameterizedTypeImpl done
Event: 0.734 Loading class sun/reflect/misc/ReflectUtil
Event: 0.734 Loading class sun/reflect/misc/ReflectUtil done
Event: 0.782 Loading class jdk/internal/foreign/MemorySessionImpl
Event: 0.783 Loading class java/lang/foreign/SegmentScope
Event: 0.783 Loading class java/lang/foreign/SegmentScope done
Event: 0.783 Loading class java/lang/foreign/SegmentAllocator
Event: 0.783 Loading class java/lang/foreign/SegmentAllocator done
Event: 0.783 Loading class jdk/internal/foreign/MemorySessionImpl done

Classes unloaded (0 events):
No events

Classes redefined (0 events):
No events

Internal exceptions (20 events):
Event: 0.212 Thread 0x000002693b69cab0 Exception <a 'sun/nio/fs/WindowsException'{0x0000000711998b90}> (0x0000000711998b90) 
thrown [s\open\src\hotspot\share\prims\jni.cpp, line 519]
Event: 0.212 Thread 0x000002693b69cab0 Exception <a 'sun/nio/fs/WindowsException'{0x00000007119993d8}> (0x00000007119993d8) 
thrown [s\open\src\hotspot\share\prims\jni.cpp, line 519]
Event: 0.212 Thread 0x000002693b69cab0 Exception <a 'sun/nio/fs/WindowsException'{0x0000000711999bd0}> (0x0000000711999bd0) 
thrown [s\open\src\hotspot\share\prims\jni.cpp, line 519]
Event: 0.212 Thread 0x000002693b69cab0 Exception <a 'sun/nio/fs/WindowsException'{0x000000071199a390}> (0x000000071199a390) 
thrown [s\open\src\hotspot\share\prims\jni.cpp, line 519]
Event: 0.212 Thread 0x000002693b69cab0 Exception <a 'sun/nio/fs/WindowsException'{0x000000071199ab08}> (0x000000071199ab08) 
thrown [s\open\src\hotspot\share\prims\jni.cpp, line 519]
Event: 0.212 Thread 0x000002693b69cab0 Exception <a 'sun/nio/fs/WindowsException'{0x000000071199b258}> (0x000000071199b258) 
thrown [s\open\src\hotspot\share\prims\jni.cpp, line 519]
Event: 0.212 Thread 0x000002693b69cab0 Exception <a 'sun/nio/fs/WindowsException'{0x000000071199b928}> (0x000000071199b928) 
thrown [s\open\src\hotspot\share\prims\jni.cpp, line 519]
Event: 0.212 Thread 0x000002693b69cab0 Exception <a 'sun/nio/fs/WindowsException'{0x000000071199beb0}> (0x000000071199beb0) 
thrown [s\open\src\hotspot\share\prims\jni.cpp, line 519]
Event: 0.212 Thread 0x000002693b69cab0 Exception <a 'sun/nio/fs/WindowsException'{0x000000071199c3b8}> (0x000000071199c3b8) 
thrown [s\open\src\hotspot\share\prims\jni.cpp, line 519]
Event: 0.212 Thread 0x000002693b69cab0 Exception <a 'sun/nio/fs/WindowsException'{0x000000071199c878}> (0x000000071199c878) 
thrown [s\open\src\hotspot\share\prims\jni.cpp, line 519]
Event: 0.229 Thread 0x000002693b69cab0 Exception <a 'java/lang/NoSuchMethodError'{0x000000071160d990}: 'void java.lang.invoke.DirectMethodHandle$Holder.invokeStatic(java.lang.Object, java.lang.Object, java.lang.Object)'> (0x000000071160d990) 
thrown [s\open\src\hotspot\share\interpreter\linkResolver.cpp, line 773]
Event: 0.284 Thread 0x000002693b69cab0 Exception <a 'java/lang/NoSuchMethodError'{0x00000007117c3b08}: 'java.lang.Object java.lang.invoke.DirectMethodHandle$Holder.invokeSpecialIFC(java.lang.Object, java.lang.Object, java.lang.Object, java.lang.Object)'> (0x00000007117c3b08) 
thrown [s\open\src\hotspot\share\interpreter\linkResolver.cpp, line 773]
Event: 0.469 Thread 0x000002693b69cab0 Exception <a 'java/lang/NoSuchMethodError'{0x0000000711118f00}: 'void java.lang.invoke.DirectMethodHandle$Holder.invokeSpecial(java.lang.Object, java.lang.Object, java.lang.Object)'> (0x0000000711118f00) 
thrown [s\open\src\hotspot\share\interpreter\linkResolver.cpp, line 773]
Event: 0.510 Thread 0x000002693b69cab0 Exception <a 'java/lang/NoSuchMethodError'{0x0000000710e581e8}: 'java.lang.Object java.lang.invoke.DirectMethodHandle$Holder.invokeInterface(java.lang.Object, java.lang.Object)'> (0x0000000710e581e8) 
thrown [s\open\src\hotspot\share\interpreter\linkResolver.cpp, line 773]
Event: 0.530 Thread 0x000002693b69cab0 Exception <a 'java/lang/NoSuchMethodError'{0x0000000710eec920}: 'int java.lang.invoke.DirectMethodHandle$Holder.invokeStatic(java.lang.Object, java.lang.Object, java.lang.Object, java.lang.Object)'> (0x0000000710eec920) 
thrown [s\open\src\hotspot\share\interpreter\linkResolver.cpp, line 773]
Event: 0.530 Thread 0x000002693b69cab0 Exception <a 'java/lang/NoSuchMethodError'{0x0000000710eeffa0}: 'java.lang.Object java.lang.invoke.Invokers$Holder.invokeExact_MT(java.lang.Object, java.lang.Object, java.lang.Object, java.lang.Object, java.lang.Object, java.lang.Object)'> (0x0000000710eeffa0) 
thrown [s\open\src\hotspot\share\interpreter\linkResolver.cpp, line 773]
Event: 0.532 Thread 0x000002693b69cab0 Exception <a 'java/lang/NoSuchMethodError'{0x0000000710f00470}: 'int java.lang.invoke.DirectMethodHandle$Holder.invokeSpecialIFC(java.lang.Object, java.lang.Object, java.lang.Object, java.lang.Object, java.lang.Object)'> (0x0000000710f00470) 
thrown [s\open\src\hotspot\share\interpreter\linkResolver.cpp, line 773]
Event: 0.587 Thread 0x000002693b69cab0 Exception <a 'java/lang/NoSuchMethodError'{0x0000000710c7d418}: 'java.lang.Object java.lang.invoke.DirectMethodHandle$Holder.newInvokeSpecial(java.lang.Object, java.lang.Object, java.lang.Object, java.lang.Object, java.lang.Object)'> (0x0000000710c7d418) 
thrown [s\open\src\hotspot\share\interpreter\linkResolver.cpp, line 773]
Event: 0.624 Thread 0x000002693b69cab0 Exception <a 'java/lang/NoSuchMethodError'{0x0000000710d730d8}: 'int java.lang.invoke.DirectMethodHandle$Holder.invokeStaticInit(java.lang.Object, java.lang.Object)'> (0x0000000710d730d8) 
thrown [s\open\src\hotspot\share\interpreter\linkResolver.cpp, line 773]
Event: 0.631 Thread 0x000002693b69cab0 Exception <a 'java/lang/NoClassDefFoundError'{0x0000000710da7078}: javax/enterprise/inject/Typed> (0x0000000710da7078) 
thrown [s\open\src\hotspot\share\classfile\systemDictionary.cpp, line 294]

VM Operations (12 events):
Event: 0.091 Executing VM operation: HandshakeAllThreads
Event: 0.091 Executing VM operation: HandshakeAllThreads done
Event: 0.186 Executing VM operation: HandshakeAllThreads
Event: 0.186 Executing VM operation: HandshakeAllThreads done
Event: 0.193 Executing VM operation: HandshakeAllThreads
Event: 0.193 Executing VM operation: HandshakeAllThreads done
Event: 0.301 Executing VM operation: HandshakeAllThreads
Event: 0.301 Executing VM operation: HandshakeAllThreads done
Event: 0.645 Executing VM operation: ICBufferFull
Event: 0.646 Executing VM operation: ICBufferFull done
Event: 0.694 Executing VM operation: G1CollectForAllocation
Event: 0.698 Executing VM operation: G1CollectForAllocation done

Events (13 events):
Event: 0.038 Thread 0x000002693b69cab0 Thread added: 0x000002693b69cab0
Event: 0.049 Thread 0x000002695ad4d0b0 Thread added: 0x000002695ad4d0b0
Event: 0.049 Thread 0x000002695ad4e710 Thread added: 0x000002695ad4e710
Event: 0.049 Thread 0x000002695ad50c70 Thread added: 0x000002695ad50c70
Event: 0.049 Thread 0x000002695ad53690 Thread added: 0x000002695ad53690
Event: 0.049 Thread 0x000002695ad5b180 Thread added: 0x000002695ad5b180
Event: 0.049 Thread 0x000002695ad5a190 Thread added: 0x000002695ad5a190
Event: 0.049 Thread 0x00000269a0403e40 Thread added: 0x00000269a0403e40
Event: 0.050 Thread 0x00000269a04043d0 Thread added: 0x00000269a04043d0
Event: 0.064 Thread 0x000002695ad5c170 Thread added: 0x000002695ad5c170
Event: 0.067 Thread 0x000002695ad5a6e0 Thread added: 0x000002695ad5a6e0
Event: 0.648 Thread 0x00000269a0a4fb70 Thread added: 0x00000269a0a4fb70
Event: 0.660 Thread 0x00000269a108cce0 Thread added: 0x00000269a108cce0


Dynamic libraries:
0x00007ff72f0d0000 - 0x00007ff72f0e0000 	C:\DEV\TOOLS\JAVA\jdk-20.0.2\bin\java.exe
0x00007ffbfb030000 - 0x00007ffbfb244000 	C:\WINDOWS\SYSTEM32\ntdll.dll
0x00007ffbfa780000 - 0x00007ffbfa844000 	C:\WINDOWS\System32\KERNEL32.DLL
0x00007ffbf87a0000 - 0x00007ffbf8b44000 	C:\WINDOWS\System32\KERNELBASE.dll
0x000000006e270000 - 0x000000006e31f000 	C:\ProgramData\Symantec\Symantec Endpoint Protection\14.3.5427.3000.105\Data\Sysfer\x64\sysfer.dll
0x00007ffbf83e0000 - 0x00007ffbf84f1000 	C:\WINDOWS\System32\ucrtbase.dll
0x00007ffbb38d0000 - 0x00007ffbb38e9000 	C:\DEV\TOOLS\JAVA\jdk-20.0.2\bin\jli.dll
0x00007ffbf95d0000 - 0x00007ffbf9680000 	C:\WINDOWS\System32\ADVAPI32.dll
0x00007ffbf9b00000 - 0x00007ffbf9ba7000 	C:\WINDOWS\System32\msvcrt.dll
0x00007ffbf9030000 - 0x00007ffbf90d6000 	C:\WINDOWS\System32\sechost.dll
0x00007ffbfab00000 - 0x00007ffbfac17000 	C:\WINDOWS\System32\RPCRT4.dll
0x00007ffbfa5d0000 - 0x00007ffbfa77e000 	C:\WINDOWS\System32\USER32.dll
0x00007ffbf8bf0000 - 0x00007ffbf8c16000 	C:\WINDOWS\System32\win32u.dll
0x00007ffbb3890000 - 0x00007ffbb38ab000 	C:\DEV\TOOLS\JAVA\jdk-20.0.2\bin\VCRUNTIME140.dll
0x00007ffbfa850000 - 0x00007ffbfa879000 	C:\WINDOWS\System32\GDI32.dll
0x00007ffbf8ca0000 - 0x00007ffbf8db8000 	C:\WINDOWS\System32\gdi32full.dll
0x00007ffbf8b50000 - 0x00007ffbf8bea000 	C:\WINDOWS\System32\msvcp_win.dll
0x00007ffbefa00000 - 0x00007ffbefa0a000 	C:\WINDOWS\SYSTEM32\VERSION.dll
0x00007ffbe2630000 - 0x00007ffbe28c3000 	C:\WINDOWS\WinSxS\amd64_microsoft.windows.common-controls_6595b64144ccf1df_6.0.22621.2215_none_270d72677387dfc3\COMCTL32.dll
0x00007ffbf8f60000 - 0x00007ffbf8f91000 	C:\WINDOWS\System32\IMM32.DLL
0x00007ffbe6e20000 - 0x00007ffbe6e2c000 	C:\DEV\TOOLS\JAVA\jdk-20.0.2\bin\vcruntime140_1.dll
0x00007ffb83020000 - 0x00007ffb830ae000 	C:\DEV\TOOLS\JAVA\jdk-20.0.2\bin\msvcp140.dll
0x00007ffb54520000 - 0x00007ffb551b8000 	C:\DEV\TOOLS\JAVA\jdk-20.0.2\bin\server\jvm.dll
0x00007ffbcee10000 - 0x00007ffbcee19000 	C:\WINDOWS\SYSTEM32\WSOCK32.dll
0x00007ffbf8fa0000 - 0x00007ffbf9011000 	C:\WINDOWS\System32\WS2_32.dll
0x00007ffbeefb0000 - 0x00007ffbeefe4000 	C:\WINDOWS\SYSTEM32\WINMM.dll
0x00007ffbf7490000 - 0x00007ffbf74a8000 	C:\WINDOWS\SYSTEM32\kernel.appcore.dll
0x00007ffbe6e00000 - 0x00007ffbe6e0a000 	C:\DEV\TOOLS\JAVA\jdk-20.0.2\bin\jimage.dll
0x00007ffbf5f60000 - 0x00007ffbf618e000 	C:\WINDOWS\SYSTEM32\DBGHELP.DLL
0x00007ffbf91e0000 - 0x00007ffbf956a000 	C:\WINDOWS\System32\combase.dll
0x00007ffbf9bc0000 - 0x00007ffbf9c97000 	C:\WINDOWS\System32\OLEAUT32.dll
0x00007ffbe34c0000 - 0x00007ffbe34f2000 	C:\WINDOWS\SYSTEM32\dbgcore.DLL
0x00007ffbf8c20000 - 0x00007ffbf8c9a000 	C:\WINDOWS\System32\bcryptPrimitives.dll
0x00007ffbb0760000 - 0x00007ffbb0786000 	C:\DEV\TOOLS\JAVA\jdk-20.0.2\bin\java.dll
0x00007ffb81e00000 - 0x00007ffb81ed7000 	C:\DEV\TOOLS\JAVA\jdk-20.0.2\bin\jsvml.dll
0x00007ffbf9ca0000 - 0x00007ffbfa4c3000 	C:\WINDOWS\System32\SHELL32.dll
0x00007ffbf6320000 - 0x00007ffbf6c0a000 	C:\WINDOWS\SYSTEM32\windows.storage.dll
0x00007ffbf61e0000 - 0x00007ffbf631e000 	C:\WINDOWS\SYSTEM32\wintypes.dll
0x00007ffbfa4d0000 - 0x00007ffbfa5c3000 	C:\WINDOWS\System32\SHCORE.dll
0x00007ffbf9570000 - 0x00007ffbf95ce000 	C:\WINDOWS\System32\shlwapi.dll
0x00007ffbf8310000 - 0x00007ffbf8336000 	C:\WINDOWS\SYSTEM32\profapi.dll
0x00007ffbb38b0000 - 0x00007ffbb38c3000 	C:\DEV\TOOLS\JAVA\jdk-20.0.2\bin\net.dll
0x00007ffbef4b0000 - 0x00007ffbef5e7000 	C:\WINDOWS\SYSTEM32\WINHTTP.dll
0x00007ffbf7950000 - 0x00007ffbf79b9000 	C:\WINDOWS\system32\mswsock.dll
0x00007ffbab680000 - 0x00007ffbab696000 	C:\DEV\TOOLS\JAVA\jdk-20.0.2\bin\nio.dll
0x00007ffba1fd0000 - 0x00007ffba1fe8000 	C:\DEV\TOOLS\JAVA\jdk-20.0.2\bin\zip.dll
0x0000000069ac0000 - 0x0000000069ae4000 	C:\DEV\TOOLS\MAVEN\apache-maven-3.9.4\lib\jansi-native\Windows\x86_64\jansi.dll
0x00007ffbe6e10000 - 0x00007ffbe6e20000 	C:\DEV\TOOLS\JAVA\jdk-20.0.2\bin\verify.dll

dbghelp: loaded successfully - version: 4.0.5 - missing functions: none
symbol engine: initialized successfully - sym options: 0x614 - pdb path: .;C:\DEV\TOOLS\JAVA\jdk-20.0.2\bin;C:\WINDOWS\SYSTEM32;C:\ProgramData\Symantec\Symantec Endpoint Protection\14.3.5427.3000.105\Data\Sysfer\x64;C:\WINDOWS\WinSxS\amd64_microsoft.windows.common-controls_6595b64144ccf1df_6.0.22621.2215_none_270d72677387dfc3;C:\DEV\TOOLS\JAVA\jdk-20.0.2\bin\server;C:\DEV\TOOLS\MAVEN\apache-maven-3.9.4\lib\jansi-native\Windows\x86_64

VM Arguments:
jvm_args: -Dclassworlds.conf=c:\DEV\TOOLS\MAVEN\apache-maven-3.9.4\bin\m2.conf -Dmaven.home=c:\DEV\TOOLS\MAVEN\apache-maven-3.9.4 -Dlibrary.jansi.path=c:\DEV\TOOLS\MAVEN\apache-maven-3.9.4\lib\jansi-native -Dmaven.multiModuleProjectDirectory=c:\Users\Charles Oliveira\OneDrive - Centro Universitário Facens\Área de Trabalho\Facens\Graduação\2023s2\DevOps e QA\Tarefa03\integracao-main 
java_command: org.codehaus.plexus.classworlds.launcher.Launcher -q help:effective-pom -Doutput=C:\Users\CHARLE~1\AppData\Local\Temp\exhort_tag3gU\effective-pom.xml -f C:\Users\CHARLE~1\AppData\Local\Temp\exhort_tag3gU\target-pom.xml
java_class_path (initial): c:\DEV\TOOLS\MAVEN\apache-maven-3.9.4\boot\plexus-classworlds-2.7.0.jar
Launcher Type: SUN_STANDARD

[Global flags]
     intx CICompilerCount                          = 4                                         {product} {ergonomic}
     uint ConcGCThreads                            = 3                                         {product} {ergonomic}
     uint G1ConcRefinementThreads                  = 10                                        {product} {ergonomic}
   size_t G1HeapRegionSize                         = 2097152                                   {product} {ergonomic}
    uintx GCDrainStackTargetSize                   = 64                                        {product} {ergonomic}
   size_t InitialHeapSize                          = 266338304                                 {product} {ergonomic}
   size_t MarkStackSize                            = 4194304                                   {product} {ergonomic}
   size_t MaxHeapSize                              = 4261412864                                {product} {ergonomic}
   size_t MaxNewSize                               = 2556428288                                {product} {ergonomic}
   size_t MinHeapDeltaBytes                        = 2097152                                   {product} {ergonomic}
   size_t MinHeapSize                              = 8388608                                   {product} {ergonomic}
    uintx NonNMethodCodeHeapSize                   = 5839372                                {pd product} {ergonomic}
    uintx NonProfiledCodeHeapSize                  = 122909434                              {pd product} {ergonomic}
    uintx ProfiledCodeHeapSize                     = 122909434                              {pd product} {ergonomic}
    uintx ReservedCodeCacheSize                    = 251658240                              {pd product} {ergonomic}
     bool SegmentedCodeCache                       = true                                      {product} {ergonomic}
   size_t SoftMaxHeapSize                          = 4261412864                             {manageable} {ergonomic}
     bool UseCompressedClassPointers               = true                           {product lp64_product} {ergonomic}
     bool UseCompressedOops                        = true                           {product lp64_product} {ergonomic}
     bool UseG1GC                                  = true                                      {product} {ergonomic}
     bool UseLargePagesIndividualAllocation        = false                                  {pd product} {ergonomic}

Logging:
Log output configuration:
 #0: stdout all=warning uptime,level,tags foldmultilines=false
 #1: stderr all=off uptime,level,tags foldmultilines=false

Environment Variables:
JAVA_HOME=C:\DEV\TOOLS\JAVA\jdk-20.0.2
PATH=C:\Program Files (x86)\Common Files\Oracle\Java\javapath2;C:\DEV\TOOLS\JAVA\jdk-20.0.2\bin;C:\DEV\TOOLS\MAVEN\apache-maven-3.9.4\bin;C:\Python311\Scripts\;C:\Python311\;C:\Windows;C:\WINDOWS;C:\Windows\system32;C:\WINDOWS\system32;C:\Windows\System32\Wbem;C:\WINDOWS\System32\Wbem;C:\Windows\System32\WindowsPowerShell\v1.0\;C:\WINDOWS\System32\WindowsPowerShell\v1.0\;C:\Windows\System32\OpenSSH\;C:\WINDOWS\System32\OpenSSH\;C:\Program Files (x86)\NVIDIA Corporation\PhysX\Common;C:\Program Files\NVIDIA Corporation\NVIDIA NvDLISR;C:\Program Files\Microsoft SQL Server\Client SDK\ODBC\170\Tools\Binn\;C:\Program Files (x86)\Microsoft SQL Server\150\Tools\Binn\;C:\Program Files\Microsoft SQL Server\150\Tools\Binn\;C:\Program Files\Microsoft SQL Server\150\DTS\Binn\;C:\Program Files\Azure Data Studio\bin;C:\Program Files (x86)\Gpg4win\..\GnuPG\bin;C:\Program Files\Git\cmd;C:\Program Files\Git LFS;C:\Program Files\dotnet\;C:\Program Files\nodejs\;C:\ProgramData\chocolatey\bin;;C:\Program Files\Docker\Docker\resources\bin;C:\Users\Charles Oliveira\AppData\Local\Microsoft\WindowsApps;C:\Program Files\Azure Data Studio\bin;C:\Users\Charles Oliveira\AppData\Local\Programs\Microsoft VS Code\bin;C:\Applications\Atlassian\atlassian-plugin-sdk-8.2.7\bin;C:\Users\Charles Oliveira\AppData\Roaming\npm;C:\Users\Charles Oliveira\AppData\Local\Pandoc\;C:\msys64\mingw64\bin;C:\Dev-Cpp\bin;
USERNAME=Charles Oliveira
OS=Windows_NT
PROCESSOR_IDENTIFIER=Intel64 Family 6 Model 165 Stepping 2, GenuineIntel
TMP=C:\Users\CHARLE~1\AppData\Local\Temp
TEMP=C:\Users\CHARLE~1\AppData\Local\Temp




---------------  S Y S T E M  ---------------

OS:
 Windows 11 , 64 bit Build 22621 (10.0.22621.2215)
OS uptime: 5 days 16:44 hours
Hyper-V role detected

CPU: total 12 (initial active 12) (6 cores per cpu, 2 threads per core) family 6 model 165 stepping 2 microcode 0xe2, cx8, cmov, fxsr, ht, mmx, 3dnowpref, sse, sse2, sse3, ssse3, sse4.1, sse4.2, popcnt, lzcnt, tsc, tscinvbit, avx, avx2, aes, erms, clmul, bmi1, bmi2, adx, fma, vzeroupper, clflush, clflushopt, hv, rdtscp, f16c

Memory: 4k page, system-wide physical 16252M (1380M free)
TotalPageFile size 56841M (AvailPageFile size 5M)
current process WorkingSet (physical memory assigned to process): 91M, peak: 91M
current process commit charge ("private bytes"): 368M, peak: 368M

vm_info: Java HotSpot(TM) 64-Bit Server VM (20.0.2+9-78) for windows-amd64 JRE (20.0.2+9-78), built on 2023-06-14T10:08:48Z by "mach5one" with MS VC++ 17.1 (VS2022)

END.
